<?xml version="1.0" encoding="UTF-8"?>
<!-- Generated by org.testng.reporters.JUnitXMLReporter -->
<testsuite ignored="3" hostname="Divyas-MacBook-Pro.local" failures="2" tests="2" name="Surefire test" time="52.003" errors="0" timestamp="30 Nov 2021 05:58:42 GMT">
  <testcase classname="org.vapasi.pom.test.AppTest" name="addCart" time="8.692">
    <failure type="org.openqa.selenium.NoSuchElementException" message="Cannot locate an element using css selector=td[class=&amp;apos;lead&amp;apos;]
For documentation on this error, please visit: https://www.seleniumhq.org/exceptions/no_such_element.html
Build info: version: &amp;apos;3.141.59&amp;apos;, revision: &amp;apos;e82be7d358&amp;apos;, time: &amp;apos;2018-11-14T08:17:03&amp;apos;
System info: host: &amp;apos;Divyas-MacBook-Pro.local&amp;apos;, ip: &amp;apos;fe80:0:0:0:8c8:9c31:1305:de7e%en0&amp;apos;, os.name: &amp;apos;Mac OS X&amp;apos;, os.arch: &amp;apos;x86_64&amp;apos;, os.version: &amp;apos;10.16&amp;apos;, java.version: &amp;apos;16.0.1&amp;apos;
Driver info: driver.version: RemoteWebDriver">
      <![CDATA[org.openqa.selenium.NoSuchElementException: Cannot locate an element using css selector=td[class='lead']
For documentation on this error, please visit: https://www.seleniumhq.org/exceptions/no_such_element.html
Build info: version: '3.141.59', revision: 'e82be7d358', time: '2018-11-14T08:17:03'
System info: host: 'Divyas-MacBook-Pro.local', ip: 'fe80:0:0:0:8c8:9c31:1305:de7e%en0', os.name: 'Mac OS X', os.arch: 'x86_64', os.version: '10.16', java.version: '16.0.1'
Driver info: driver.version: RemoteWebDriver
at org.openqa.selenium.remote.RemoteWebDriver.findElement(RemoteWebDriver.java:327)
at org.openqa.selenium.remote.RemoteWebDriver.findElementByCssSelector(RemoteWebDriver.java:420)
at org.openqa.selenium.By$ByCssSelector.findElement(By.java:431)
at org.openqa.selenium.remote.RemoteWebDriver.findElement(RemoteWebDriver.java:315)
at org.vapasi.pom.page.CartPage.getCartValue(CartPage.java:9)
at org.vapasi.pom.test.AppTest.addCart(AppTest.java:56)
... Removed 30 stack frames]]>
    </failure>
  </testcase> <!-- addCart -->
  <testcase classname="org.vapasi.pagefactory.test.FactoryModelAppTest" name="addCart" time="7.126">
    <failure type="java.lang.AssertionError" message="expected [true] but found [false]">
      <![CDATA[java.lang.AssertionError: expected [true] but found [false]
at org.vapasi.pagefactory.test.FactoryModelAppTest.addCart(FactoryModelAppTest.java:33)
... Removed 34 stack frames]]>
    </failure>
  </testcase> <!-- addCart -->
  <testcase classname="org.vapasi.pagefactory.test.BaseTest" name="@BeforeTest startReport" time="0.0">
    <ignored/>
  </testcase> <!-- @BeforeTest startReport -->
  <testcase classname="org.vapasi.pagefactory.test.BaseTest" name="@AfterSuite teardown" time="0.0">
    <ignored/>
  </testcase> <!-- @AfterSuite teardown -->
  <testcase classname="org.vapasi.pagefactory.test.BaseTest" name="@AfterTest endReport" time="0.0">
    <ignored/>
  </testcase> <!-- @AfterTest endReport -->
</testsuite> <!-- Surefire test -->
