<?xml version="1.0" encoding="UTF-8"?>
<testsuite xmlns:xsi="http://www.w3.org/2001/XMLSchema-instance" xsi:noNamespaceSchemaLocation="https://maven.apache.org/surefire/maven-surefire-plugin/xsd/surefire-test-report.xsd" name="org.vapasi.AppTest" time="5.932" tests="2" errors="0" skipped="0" failures="1">
  <properties>
    <property name="java.specification.version" value="16"/>
    <property name="sun.jnu.encoding" value="UTF-8"/>
    <property name="java.class.path" value="/Users/divyaanand/IdeaProjects/FirstMavenProject/target/test-classes:/Users/divyaanand/IdeaProjects/FirstMavenProject/target/classes:/Users/divyaanand/.m2/repository/org/testng/testng/6.14.3/testng-6.14.3.jar:/Users/divyaanand/.m2/repository/com/beust/jcommander/1.72/jcommander-1.72.jar:/Users/divyaanand/.m2/repository/org/apache-extras/beanshell/bsh/2.0b6/bsh-2.0b6.jar:"/>
    <property name="java.vm.vendor" value="AdoptOpenJDK"/>
    <property name="sun.arch.data.model" value="64"/>
    <property name="java.vendor.url" value="https://adoptopenjdk.net/"/>
    <property name="os.name" value="Mac OS X"/>
    <property name="java.vm.specification.version" value="16"/>
    <property name="sun.java.launcher" value="SUN_STANDARD"/>
    <property name="user.country" value="GB"/>
    <property name="sun.boot.library.path" value="/Library/Java/JavaVirtualMachines/adoptopenjdk-16.jdk/Contents/Home/lib"/>
    <property name="sun.java.command" value="/Users/divyaanand/IdeaProjects/FirstMavenProject/target/surefire/surefirebooter8560996164970822244.jar /Users/divyaanand/IdeaProjects/FirstMavenProject/target/surefire 2021-11-18T15-29-00_824-jvmRun1 surefire1738597536118607263tmp surefire_06298369509326017966tmp"/>
    <property name="http.nonProxyHosts" value="local|*.local|169.254/16|*.169.254/16"/>
    <property name="jdk.debug" value="release"/>
    <property name="surefire.test.class.path" value="/Users/divyaanand/IdeaProjects/FirstMavenProject/target/test-classes:/Users/divyaanand/IdeaProjects/FirstMavenProject/target/classes:/Users/divyaanand/.m2/repository/org/testng/testng/6.14.3/testng-6.14.3.jar:/Users/divyaanand/.m2/repository/com/beust/jcommander/1.72/jcommander-1.72.jar:/Users/divyaanand/.m2/repository/org/apache-extras/beanshell/bsh/2.0b6/bsh-2.0b6.jar:"/>
    <property name="sun.cpu.endian" value="little"/>
    <property name="user.home" value="/Users/divyaanand"/>
    <property name="user.language" value="en"/>
    <property name="java.specification.vendor" value="Oracle Corporation"/>
    <property name="java.version.date" value="2021-04-20"/>
    <property name="java.home" value="/Library/Java/JavaVirtualMachines/adoptopenjdk-16.jdk/Contents/Home"/>
    <property name="file.separator" value="/"/>
    <property name="basedir" value="/Users/divyaanand/IdeaProjects/FirstMavenProject"/>
    <property name="java.vm.compressedOopsMode" value="Zero based"/>
    <property name="line.separator" value="&#10;"/>
    <property name="java.specification.name" value="Java Platform API Specification"/>
    <property name="java.vm.specification.vendor" value="Oracle Corporation"/>
    <property name="surefire.real.class.path" value="/Users/divyaanand/IdeaProjects/FirstMavenProject/target/surefire/surefirebooter8560996164970822244.jar"/>
    <property name="sun.management.compiler" value="HotSpot 64-Bit Tiered Compilers"/>
    <property name="ftp.nonProxyHosts" value="local|*.local|169.254/16|*.169.254/16"/>
    <property name="java.runtime.version" value="16.0.1+9"/>
    <property name="user.name" value="divyaanand"/>
    <property name="path.separator" value=":"/>
    <property name="os.version" value="10.16"/>
    <property name="java.runtime.name" value="OpenJDK Runtime Environment"/>
    <property name="file.encoding" value="UTF-8"/>
    <property name="java.vm.name" value="OpenJDK 64-Bit Server VM"/>
    <property name="java.vendor.version" value="AdoptOpenJDK-16.0.1+9"/>
    <property name="localRepository" value="/Users/divyaanand/.m2/repository"/>
    <property name="java.vendor.url.bug" value="https://github.com/AdoptOpenJDK/openjdk-support/issues"/>
    <property name="java.io.tmpdir" value="/var/folders/9m/vktkwcjj0kg_k27v_cfb6mnh0000gn/T/"/>
    <property name="idea.version" value="2021.2.3"/>
    <property name="java.version" value="16.0.1"/>
    <property name="user.dir" value="/Users/divyaanand/IdeaProjects/FirstMavenProject"/>
    <property name="os.arch" value="x86_64"/>
    <property name="java.vm.specification.name" value="Java Virtual Machine Specification"/>
    <property name="java.library.path" value="/Users/divyaanand/Library/Java/Extensions:/Library/Java/Extensions:/Network/Library/Java/Extensions:/System/Library/Java/Extensions:/usr/lib/java:."/>
    <property name="java.vm.info" value="mixed mode, sharing"/>
    <property name="java.vendor" value="AdoptOpenJDK"/>
    <property name="java.vm.version" value="16.0.1+9"/>
    <property name="sun.io.unicode.encoding" value="UnicodeBig"/>
    <property name="socksNonProxyHosts" value="local|*.local|169.254/16|*.169.254/16"/>
    <property name="java.class.version" value="60.0"/>
  </properties>
  <testcase name="test1" classname="org.vapasi.AppTest" time="0.01">
    <failure message="sum doesn&apos;t match 6 expected [true] but found [false]" type="java.lang.AssertionError">java.lang.AssertionError: sum doesn't match 6 expected [true] but found [false]
	at org.vapasi.AppTest.test1(AppTest.java:40)
</failure>
    <system-out><![CDATA[Before Test is called
Before Class is called
Before Method is called
Printed first test in console
5
]]></system-out>
  </testcase>
  <testcase name="test2" classname="org.vapasi.AppTest" time="0.001"/>
</testsuite>