<?xml version="1.0" encoding="UTF-8"?>
<!-- Generated by org.testng.reporters.JUnitXMLReporter -->
<testsuite ignored="0" hostname="Divyas-MacBook-Pro.local" failures="1" tests="2" name="Surefire test" time="0.071" errors="0" timestamp="18 Nov 2021 09:59:07 GMT">
  <testcase classname="org.vapasi.AppTest" name="test1" time="0.005">
    <failure type="java.lang.AssertionError" message="sum doesn&amp;apos;t match 6 expected [true] but found [false]">
      <![CDATA[java.lang.AssertionError: sum doesn't match 6 expected [true] but found [false]
at org.vapasi.AppTest.test1(AppTest.java:40)
... Removed 33 stack frames]]>
    </failure>
  </testcase> <!-- test1 -->
  <testcase classname="org.vapasi.AppTest" name="test2" time="0.0"/>
</testsuite> <!-- Surefire test -->
